
ROM used: 5944 (18%)
          5944 (18%) including unused fragments

          5 Average locations per line
          18 Average locations per statement

RAM used: 70 (5%) at main() level
          122 (8%) worst case

Stack used: 5 worst case (out of 31 total available)

Lines Stmts  %   Files
----- ----- ---  -----
  252   180  54  tam-isi-nem.c
  354     0   0  18F452.h
  238   111  33  SHT11.c
  259    45  13  new_lcd.c
----- -----
 1103   336 Total

Page ROM  %  RAM   Vol Diff  Functions:
---- --- --- ---   --- ----  ----------
0     40   0   1             @delay_ms1
0     42   0   0   300  1.4  comstart
0     84   1   5   595  6.9  comwrite
0    128   1   3  1134  6.1  comread
0     52   0   2   211  4.5  comwait
0     38   0   1   250  3.2  comreset
0     44   0   4   170  3.1  measuretemp
0     44   0   4   170  3.1  measurehumid
 Inline       32   399  5.1  calculate_data
0     54   0   2             @ITOF
0    242   2  11             @MULFF
0    618   5  16             @ADDFF
 Inline       16   228  3.0  sht_rd
0     12   0   0    41  0.4  sht_init
0     20   0   0             @const111
0     62   1   1   326  2.8  lcd_send_nibble
0     60   1   3   235  3.8  lcd_send_byte
0     78   1   2   380  4.7  lcd_init
0     34   0   4   186  5.5  lcd_gotoxy
0     68   1   1   298  2.6  lcd_putc
0    304   3   0  1871  3.4  keypad_oku
0     34   0   0   152  1.8  allkeypadlow
0   2448  21   8  3750  9.9  MAIN
0      8   0   0             @const153
0     34   0   2             @PSTRINGC_127
0     40   0   3             @DIV88
0    200   2   6             @PRINTF_D_127
0     24   0   0             @const162
0     30   0   3             @PSTRINGCN_127
0     24   0   0             @const166
0     18   0   0             @const168
0     64   1   5             @FTOSD
0    122   1  13             @DIV3232
0    390   3  13             @PRINTF_L32D_127FPFPF
0     14   0   0             @const177
0    118   1  10             @FLT
0    348   3  14             @DIVFF

Program metrics:
    Functions               18
    Statements              336
    Comments                238
    Volume (V)              16701
    Difficilty (D)          70.8
    Effort to implement (E) 1182348
    Time to implement (T)   18 hours, 15 minutes
    Est Delivered Bugs (B)  4
    Cyclomatic Complexity   42
    Maintainability (MI)    57

 Segment     Used  Free
-----------  ----  ----
00000-00002     4  0  
00004-07FFE  5940  26824  



