
ROM used: 524 (6%)
          524 (6%) including unused fragments

          1 Average locations per line
          6 Average locations per statement

RAM used: 9 (2%) at main() level
          25 (7%) worst case

Stack used: 4 worst case (out of 8 total available)

Lines Stmts  %   Files
----- ----- ---  -----
   52    24  28  Paralel LCD Uygulamasý.c
  285     0   0  ..\..\..\..\Program Files (x86)\PICC\devices\16f877.h
  180    63  72  ..\..\..\..\Program Files (x86)\PICC\drivers\lcd.c
----- -----
  517    87 Total

Page ROM  %  RAM   Vol Diff  Functions:
---- --- --- ---   --- ----  ----------
0     21   4   1             @delay_ms1
0      8   2   0             @const61
 Inline        3   463  4.3  lcd_read_byte
0     12   2   1   134  2.2  lcd_send_nibble
0     58  11   3   317  4.3  lcd_send_byte
0     44   8   2   422  4.7  lcd_init
 Inline        4   186  5.5  lcd_gotoxy
0     53  10   1   272  4.1  lcd_putc
0    145  28   1   609  3.3  MAIN
0     15   3   0             @const91
0     19   4   0             @const92
0     21   4   0             @const94
0     21   4   3             @DIV88
0    103  20   6             @PRINTF_D_81

Program metrics:
    Functions               7
    Statements              87
    Comments                143
    Volume (V)              3627
    Difficilty (D)          27.5
    Effort to implement (E) 99571
    Time to implement (T)   1 hours, 32 minutes
    Est Delivered Bugs (B)  1
    Cyclomatic Complexity   7
    Maintainability (MI)    130

 Segment     Used  Free
-----------  ----  ----
00000-00003     4  0  
00004-007FF   520  1524  
00800-00FFF     0  2048  
01000-017FF     0  2048  
01800-01FFF     0  2048  



