;  LST file generated by mikroListExporter - v.2.0 
; Date/Time: 1/10/2012 7:42:53 PM
;----------------------------------------------

;Address Opcode 	ASM
0x0000	0x29AC      	GOTO       428
_interrupt:
0x0004	0x00FF      	MOVWF      R15
0x0005	0x0E03      	SWAPF      STATUS, 0
0x0006	0x0183      	CLRF       STATUS
0x0007	0x1683      	BSF        STATUS, 5
0x0008	0x00B3      	MOVWF      ___saveSTATUS
0x0009	0x080A      	MOVF       PCLATH, 0
0x000A	0x00B4      	MOVWF      ___savePCLATH
0x000B	0x018A      	CLRF       PCLATH
;DHT11.c,72 :: 		void interrupt(){
;DHT11.c,73 :: 		if(PIR1.TMR2IF){
0x000C	0x1283      	BCF        STATUS, 5
0x000D	0x1C8C      	BTFSS      PIR1, 1
0x000E	0x2813      	GOTO       L_interrupt22
;DHT11.c,74 :: 		TOUT = 1;
0x000F	0x3001      	MOVLW      1
0x0010	0x00A0      	MOVWF      _TOUT
;DHT11.c,75 :: 		T2CON.TMR2ON = 0; // stop timer
0x0011	0x1112      	BCF        T2CON, 2
;DHT11.c,76 :: 		PIR1.TMR2IF  = 0; // Clear TMR0 interrupt flag
0x0012	0x108C      	BCF        PIR1, 1
;DHT11.c,77 :: 		}
L_interrupt22:
;DHT11.c,78 :: 		}
L_end_interrupt:
L__interrupt39:
0x0013	0x1683      	BSF        STATUS, 5
0x0014	0x0834      	MOVF       ___savePCLATH, 0
0x0015	0x008A      	MOVWF      PCLATH
0x0016	0x0E33      	SWAPF      ___saveSTATUS, 0
0x0017	0x0083      	MOVWF      STATUS
0x0018	0x0EFF      	SWAPF      R15, 1
0x0019	0x0E7F      	SWAPF      R15, 0
0x001A	0x0009      	RETFIE
; end of _interrupt
_Delay_50us:
;__Lib_Delays.c,19 :: 		void Delay_50us() {
;__Lib_Delays.c,20 :: 		Delay_us(50);
0x001B	0x3010      	MOVLW      16
0x001C	0x1283      	BCF        STATUS, 5
0x001D	0x1303      	BCF        STATUS, 6
0x001E	0x00FD      	MOVWF      R13
L_Delay_50us2:
0x001F	0x0BFD      	DECFSZ     R13, 1
0x0020	0x281F      	GOTO       L_Delay_50us2
0x0021	0x0000      	NOP
;__Lib_Delays.c,21 :: 		}
L_end_Delay_50us:
0x0022	0x0008      	RETURN
; end of _Delay_50us
_Delay_1us:
;__Lib_Delays.c,7 :: 		void Delay_1us() {
;__Lib_Delays.c,8 :: 		Delay_us(1);
0x0023	0x0000      	NOP
;__Lib_Delays.c,9 :: 		}
L_end_Delay_1us:
0x0024	0x0008      	RETURN
; end of _Delay_1us
_Delay_5500us:
;__Lib_Delays.c,31 :: 		void Delay_5500us() {
;__Lib_Delays.c,32 :: 		Delay_us(5500);
0x0025	0x3008      	MOVLW      8
0x0026	0x1283      	BCF        STATUS, 5
0x0027	0x1303      	BCF        STATUS, 6
0x0028	0x00FC      	MOVWF      R12
0x0029	0x3023      	MOVLW      35
0x002A	0x00FD      	MOVWF      R13
L_Delay_5500us5:
0x002B	0x0BFD      	DECFSZ     R13, 1
0x002C	0x282B      	GOTO       L_Delay_5500us5
0x002D	0x0BFC      	DECFSZ     R12, 1
0x002E	0x282B      	GOTO       L_Delay_5500us5
;__Lib_Delays.c,33 :: 		}
L_end_Delay_5500us:
0x002F	0x0008      	RETURN
; end of _Delay_5500us
_Lcd_Cmd:
;__Lib_Lcd.c,18 :: 		
;__Lib_Lcd.c,20 :: 		
0x0030	0x1683      	BSF        STATUS, 5
0x0031	0x1303      	BCF        STATUS, 6
0x0032	0x1BBA      	BTFSC      FARG_Lcd_Cmd_out_char, 7
0x0033	0x2837      	GOTO       L__Lcd_Cmd21
0x0034	0x1283      	BCF        STATUS, 5
0x0035	0x1386      	BCF        LCD_D7, BitPos(LCD_D7+0)
0x0036	0x2839      	GOTO       L__Lcd_Cmd22
L__Lcd_Cmd21:
0x0037	0x1283      	BCF        STATUS, 5
0x0038	0x1786      	BSF        LCD_D7, BitPos(LCD_D7+0)
L__Lcd_Cmd22:
;__Lib_Lcd.c,21 :: 		
0x0039	0x1683      	BSF        STATUS, 5
0x003A	0x1B3A      	BTFSC      FARG_Lcd_Cmd_out_char, 6
0x003B	0x283F      	GOTO       L__Lcd_Cmd23
0x003C	0x1283      	BCF        STATUS, 5
0x003D	0x1306      	BCF        LCD_D6, BitPos(LCD_D6+0)
0x003E	0x2841      	GOTO       L__Lcd_Cmd24
L__Lcd_Cmd23:
0x003F	0x1283      	BCF        STATUS, 5
0x0040	0x1706      	BSF        LCD_D6, BitPos(LCD_D6+0)
L__Lcd_Cmd24:
;__Lib_Lcd.c,22 :: 		
0x0041	0x1683      	BSF        STATUS, 5
0x0042	0x1ABA      	BTFSC      FARG_Lcd_Cmd_out_char, 5
0x0043	0x2847      	GOTO       L__Lcd_Cmd25
0x0044	0x1283      	BCF        STATUS, 5
0x0045	0x1286      	BCF        LCD_D5, BitPos(LCD_D5+0)
0x0046	0x2849      	GOTO       L__Lcd_Cmd26
L__Lcd_Cmd25:
0x0047	0x1283      	BCF        STATUS, 5
0x0048	0x1686      	BSF        LCD_D5, BitPos(LCD_D5+0)
L__Lcd_Cmd26:
;__Lib_Lcd.c,23 :: 		
0x0049	0x1683      	BSF        STATUS, 5
0x004A	0x1A3A      	BTFSC      FARG_Lcd_Cmd_out_char, 4
0x004B	0x284F      	GOTO       L__Lcd_Cmd27
0x004C	0x1283      	BCF        STATUS, 5
0x004D	0x1206      	BCF        LCD_D4, BitPos(LCD_D4+0)
0x004E	0x2851      	GOTO       L__Lcd_Cmd28
L__Lcd_Cmd27:
0x004F	0x1283      	BCF        STATUS, 5
0x0050	0x1606      	BSF        LCD_D4, BitPos(LCD_D4+0)
L__Lcd_Cmd28:
;__Lib_Lcd.c,25 :: 		
0x0051	0x186C      	BTFSC      __Lib_Lcd_cmd_status, BitPos(__Lib_Lcd_cmd_status+0)
0x0052	0x2855      	GOTO       L__Lcd_Cmd29
0x0053	0x1506      	BSF        LCD_RS, BitPos(LCD_RS+0)
0x0054	0x2856      	GOTO       L__Lcd_Cmd30
L__Lcd_Cmd29:
0x0055	0x1106      	BCF        LCD_RS, BitPos(LCD_RS+0)
L__Lcd_Cmd30:
;__Lib_Lcd.c,28 :: 		
0x0056	0x1586      	BSF        LCD_EN, BitPos(LCD_EN+0)
;__Lib_Lcd.c,29 :: 		
0x0057	0x2023      	CALL       _Delay_1us
;__Lib_Lcd.c,30 :: 		
0x0058	0x1186      	BCF        LCD_EN, BitPos(LCD_EN+0)
;__Lib_Lcd.c,33 :: 		
0x0059	0x1683      	BSF        STATUS, 5
0x005A	0x19BA      	BTFSC      FARG_Lcd_Cmd_out_char, 3
0x005B	0x285F      	GOTO       L__Lcd_Cmd31
0x005C	0x1283      	BCF        STATUS, 5
0x005D	0x1386      	BCF        LCD_D7, BitPos(LCD_D7+0)
0x005E	0x2861      	GOTO       L__Lcd_Cmd32
L__Lcd_Cmd31:
0x005F	0x1283      	BCF        STATUS, 5
0x0060	0x1786      	BSF        LCD_D7, BitPos(LCD_D7+0)
L__Lcd_Cmd32:
;__Lib_Lcd.c,34 :: 		
0x0061	0x1683      	BSF        STATUS, 5
0x0062	0x193A      	BTFSC      FARG_Lcd_Cmd_out_char, 2
0x0063	0x2867      	GOTO       L__Lcd_Cmd33
0x0064	0x1283      	BCF        STATUS, 5
0x0065	0x1306      	BCF        LCD_D6, BitPos(LCD_D6+0)
0x0066	0x2869      	GOTO       L__Lcd_Cmd34
L__Lcd_Cmd33:
0x0067	0x1283      	BCF        STATUS, 5
0x0068	0x1706      	BSF        LCD_D6, BitPos(LCD_D6+0)
L__Lcd_Cmd34:
;__Lib_Lcd.c,35 :: 		
0x0069	0x1683      	BSF        STATUS, 5
0x006A	0x18BA      	BTFSC      FARG_Lcd_Cmd_out_char, 1
0x006B	0x286F      	GOTO       L__Lcd_Cmd35
0x006C	0x1283      	BCF        STATUS, 5
0x006D	0x1286      	BCF        LCD_D5, BitPos(LCD_D5+0)
0x006E	0x2871      	GOTO       L__Lcd_Cmd36
L__Lcd_Cmd35:
0x006F	0x1283      	BCF        STATUS, 5
0x0070	0x1686      	BSF        LCD_D5, BitPos(LCD_D5+0)
L__Lcd_Cmd36:
;__Lib_Lcd.c,36 :: 		
0x0071	0x1683      	BSF        STATUS, 5
0x0072	0x183A      	BTFSC      FARG_Lcd_Cmd_out_char, 0
0x0073	0x2877      	GOTO       L__Lcd_Cmd37
0x0074	0x1283      	BCF        STATUS, 5
0x0075	0x1206      	BCF        LCD_D4, BitPos(LCD_D4+0)
0x0076	0x2879      	GOTO       L__Lcd_Cmd38
L__Lcd_Cmd37:
0x0077	0x1283      	BCF        STATUS, 5
0x0078	0x1606      	BSF        LCD_D4, BitPos(LCD_D4+0)
L__Lcd_Cmd38:
;__Lib_Lcd.c,38 :: 		
0x0079	0x186C      	BTFSC      __Lib_Lcd_cmd_status, BitPos(__Lib_Lcd_cmd_status+0)
0x007A	0x287D      	GOTO       L__Lcd_Cmd39
0x007B	0x1506      	BSF        LCD_RS, BitPos(LCD_RS+0)
0x007C	0x287E      	GOTO       L__Lcd_Cmd40
L__Lcd_Cmd39:
0x007D	0x1106      	BCF        LCD_RS, BitPos(LCD_RS+0)
L__Lcd_Cmd40:
;__Lib_Lcd.c,40 :: 		
0x007E	0x1586      	BSF        LCD_EN, BitPos(LCD_EN+0)
;__Lib_Lcd.c,41 :: 		
0x007F	0x2023      	CALL       _Delay_1us
;__Lib_Lcd.c,42 :: 		
0x0080	0x1186      	BCF        LCD_EN, BitPos(LCD_EN+0)
;__Lib_Lcd.c,44 :: 		
0x0081	0x1C6C      	BTFSS      __Lib_Lcd_cmd_status, BitPos(__Lib_Lcd_cmd_status+0)
0x0082	0x2885      	GOTO       L_Lcd_Cmd0
;__Lib_Lcd.c,45 :: 		
0x0083	0x2025      	CALL       _Delay_5500us
0x0084	0x2886      	GOTO       L_Lcd_Cmd1
L_Lcd_Cmd0:
;__Lib_Lcd.c,47 :: 		
0x0085	0x201B      	CALL       _Delay_50us
L_Lcd_Cmd1:
;__Lib_Lcd.c,48 :: 		
L_end_Lcd_Cmd:
0x0086	0x0008      	RETURN
; end of _Lcd_Cmd
_____DoICP:
;__Lib_System.c,6 :: 		
;__Lib_System.c,9 :: 		
0x0087	0x1283      	BCF        STATUS, 5
0x0088	0x1303      	BCF        STATUS, 6
0x0089	0x086B      	MOVF       ___DoICPAddr+1, 0
0x008A	0x008A      	MOVWF      PCLATH
;__Lib_System.c,10 :: 		
0x008B	0x086A      	MOVF       ___DoICPAddr, 0
0x008C	0x0082      	MOVWF      PCL
;__Lib_System.c,12 :: 		
L_end_____DoICP:
0x008D	0x0008      	RETURN
; end of _____DoICP
_Lcd_Chr_CP:
;__Lib_Lcd.c,50 :: 		
;__Lib_Lcd.c,52 :: 		
0x008E	0x1283      	BCF        STATUS, 5
0x008F	0x1303      	BCF        STATUS, 6
0x0090	0x106C      	BCF        __Lib_Lcd_cmd_status, BitPos(__Lib_Lcd_cmd_status+0)
;__Lib_Lcd.c,53 :: 		
0x0091	0x1683      	BSF        STATUS, 5
0x0092	0x0839      	MOVF       FARG_Lcd_Chr_CP_out_char, 0
0x0093	0x00BA      	MOVWF      FARG_Lcd_Cmd_out_char
0x0094	0x2030      	CALL       _Lcd_Cmd
;__Lib_Lcd.c,54 :: 		
0x0095	0x146C      	BSF        __Lib_Lcd_cmd_status, BitPos(__Lib_Lcd_cmd_status+0)
;__Lib_Lcd.c,55 :: 		
L_end_Lcd_Chr_CP:
0x0096	0x0008      	RETURN
; end of _Lcd_Chr_CP
_CheckResponse:
;DHT11.c,41 :: 		unsigned short CheckResponse(){
;DHT11.c,42 :: 		TOUT = 0;
0x0097	0x1283      	BCF        STATUS, 5
0x0098	0x1303      	BCF        STATUS, 6
0x0099	0x01A0      	CLRF       _TOUT
;DHT11.c,43 :: 		TMR2 = 0;
0x009A	0x0191      	CLRF       TMR2
;DHT11.c,44 :: 		T2CON.TMR2ON = 1;      // start timer
0x009B	0x1512      	BSF        T2CON, 2
;DHT11.c,45 :: 		while(!Data && !TOUT);
L_CheckResponse2:
0x009C	0x1805      	BTFSC      RA0_bit, 0
0x009D	0x28A2      	GOTO       L_CheckResponse3
0x009E	0x0820      	MOVF       _TOUT, 0
0x009F	0x1D03      	BTFSS      STATUS, 2
0x00A0	0x28A2      	GOTO       L_CheckResponse3
L__CheckResponse32:
0x00A1	0x289C      	GOTO       L_CheckResponse2
L_CheckResponse3:
;DHT11.c,46 :: 		if (TOUT) return 0;
0x00A2	0x0820      	MOVF       _TOUT, 0
0x00A3	0x1903      	BTFSC      STATUS, 2
0x00A4	0x28A7      	GOTO       L_CheckResponse6
0x00A5	0x01F0      	CLRF       R0
0x00A6	0x28B6      	GOTO       L_end_CheckResponse
L_CheckResponse6:
;DHT11.c,48 :: 		TMR2 = 0;
0x00A7	0x0191      	CLRF       TMR2
;DHT11.c,49 :: 		while(Data && !TOUT);
L_CheckResponse8:
0x00A8	0x1C05      	BTFSS      RA0_bit, 0
0x00A9	0x28AE      	GOTO       L_CheckResponse9
0x00AA	0x0820      	MOVF       _TOUT, 0
0x00AB	0x1D03      	BTFSS      STATUS, 2
0x00AC	0x28AE      	GOTO       L_CheckResponse9
L__CheckResponse31:
0x00AD	0x28A8      	GOTO       L_CheckResponse8
L_CheckResponse9:
;DHT11.c,50 :: 		if (TOUT) return 0;
0x00AE	0x0820      	MOVF       _TOUT, 0
0x00AF	0x1903      	BTFSC      STATUS, 2
0x00B0	0x28B3      	GOTO       L_CheckResponse12
0x00B1	0x01F0      	CLRF       R0
0x00B2	0x28B6      	GOTO       L_end_CheckResponse
L_CheckResponse12:
;DHT11.c,52 :: 		T2CON.TMR2ON = 0;
0x00B3	0x1112      	BCF        T2CON, 2
;DHT11.c,53 :: 		return 1;
0x00B4	0x3001      	MOVLW      1
0x00B5	0x00F0      	MOVWF      R0
;DHT11.c,56 :: 		}
L_end_CheckResponse:
0x00B6	0x0008      	RETURN
; end of _CheckResponse
_Lcd_Out:
;__Lib_Lcd.c,184 :: 		
;__Lib_Lcd.c,187 :: 		
0x00B7	0x28C9      	GOTO       L_Lcd_Out11
;__Lib_Lcd.c,188 :: 		
L_Lcd_Out13:
0x00B8	0x3080      	MOVLW      128
0x00B9	0x1683      	BSF        STATUS, 5
0x00BA	0x1303      	BCF        STATUS, 6
0x00BB	0x00B5      	MOVWF      FARG_Lcd_Out_row
0x00BC	0x28DC      	GOTO       L_Lcd_Out12
;__Lib_Lcd.c,189 :: 		
L_Lcd_Out14:
0x00BD	0x30C0      	MOVLW      192
0x00BE	0x00B5      	MOVWF      FARG_Lcd_Out_row
0x00BF	0x28DC      	GOTO       L_Lcd_Out12
;__Lib_Lcd.c,190 :: 		
L_Lcd_Out15:
0x00C0	0x3094      	MOVLW      148
0x00C1	0x00B5      	MOVWF      FARG_Lcd_Out_row
0x00C2	0x28DC      	GOTO       L_Lcd_Out12
;__Lib_Lcd.c,191 :: 		
L_Lcd_Out16:
0x00C3	0x30D4      	MOVLW      212
0x00C4	0x00B5      	MOVWF      FARG_Lcd_Out_row
0x00C5	0x28DC      	GOTO       L_Lcd_Out12
;__Lib_Lcd.c,192 :: 		
L_Lcd_Out17:
0x00C6	0x3080      	MOVLW      128
0x00C7	0x00B5      	MOVWF      FARG_Lcd_Out_row
;__Lib_Lcd.c,193 :: 		
0x00C8	0x28DC      	GOTO       L_Lcd_Out12
L_Lcd_Out11:
0x00C9	0x1683      	BSF        STATUS, 5
0x00CA	0x1303      	BCF        STATUS, 6
0x00CB	0x0835      	MOVF       FARG_Lcd_Out_row, 0
0x00CC	0x3A01      	XORLW      1
0x00CD	0x1903      	BTFSC      STATUS, 2
0x00CE	0x28B8      	GOTO       L_Lcd_Out13
0x00CF	0x0835      	MOVF       FARG_Lcd_Out_row, 0
0x00D0	0x3A02      	XORLW      2
0x00D1	0x1903      	BTFSC      STATUS, 2
0x00D2	0x28BD      	GOTO       L_Lcd_Out14
0x00D3	0x0835      	MOVF       FARG_Lcd_Out_row, 0
0x00D4	0x3A03      	XORLW      3
0x00D5	0x1903      	BTFSC      STATUS, 2
0x00D6	0x28C0      	GOTO       L_Lcd_Out15
0x00D7	0x0835      	MOVF       FARG_Lcd_Out_row, 0
0x00D8	0x3A04      	XORLW      4
0x00D9	0x1903      	BTFSC      STATUS, 2
0x00DA	0x28C3      	GOTO       L_Lcd_Out16
0x00DB	0x28C6      	GOTO       L_Lcd_Out17
L_Lcd_Out12:
;__Lib_Lcd.c,194 :: 		
0x00DC	0x0336      	DECF       FARG_Lcd_Out_column, 0
0x00DD	0x00F0      	MOVWF      R0
0x00DE	0x0835      	MOVF       FARG_Lcd_Out_row, 0
0x00DF	0x07F0      	ADDWF      R0, 1
0x00E0	0x0870      	MOVF       R0, 0
0x00E1	0x00B5      	MOVWF      FARG_Lcd_Out_row
;__Lib_Lcd.c,196 :: 		
0x00E2	0x0870      	MOVF       R0, 0
0x00E3	0x00BA      	MOVWF      FARG_Lcd_Cmd_out_char
0x00E4	0x2030      	CALL       _Lcd_Cmd
;__Lib_Lcd.c,197 :: 		
0x00E5	0x106C      	BCF        __Lib_Lcd_cmd_status, BitPos(__Lib_Lcd_cmd_status+0)
;__Lib_Lcd.c,198 :: 		
0x00E6	0x1683      	BSF        STATUS, 5
0x00E7	0x01B8      	CLRF       Lcd_Out_i_L0
;__Lib_Lcd.c,199 :: 		
L_Lcd_Out18:
0x00E8	0x0838      	MOVF       Lcd_Out_i_L0, 0
0x00E9	0x0737      	ADDWF      FARG_Lcd_Out_text, 0
0x00EA	0x0084      	MOVWF      FSR
0x00EB	0x0800      	MOVF       INDF, 0
0x00EC	0x1903      	BTFSC      STATUS, 2
0x00ED	0x28F7      	GOTO       L_Lcd_Out19
;__Lib_Lcd.c,200 :: 		
0x00EE	0x0838      	MOVF       Lcd_Out_i_L0, 0
0x00EF	0x0737      	ADDWF      FARG_Lcd_Out_text, 0
0x00F0	0x0084      	MOVWF      FSR
0x00F1	0x0800      	MOVF       INDF, 0
0x00F2	0x00B9      	MOVWF      FARG_Lcd_Chr_CP_out_char
0x00F3	0x208E      	CALL       _Lcd_Chr_CP
0x00F4	0x1683      	BSF        STATUS, 5
0x00F5	0x0AB8      	INCF       Lcd_Out_i_L0, 1
0x00F6	0x28E8      	GOTO       L_Lcd_Out18
L_Lcd_Out19:
;__Lib_Lcd.c,201 :: 		
0x00F7	0x1283      	BCF        STATUS, 5
0x00F8	0x146C      	BSF        __Lib_Lcd_cmd_status, BitPos(__Lib_Lcd_cmd_status+0)
;__Lib_Lcd.c,202 :: 		
L_end_Lcd_Out:
0x00F9	0x0008      	RETURN
; end of _Lcd_Out
_ReadByte:
;DHT11.c,58 :: 		unsigned short ReadByte(){
;DHT11.c,59 :: 		unsigned short num = 0, t;
0x00FA	0x1683      	BSF        STATUS, 5
0x00FB	0x1303      	BCF        STATUS, 6
0x00FC	0x01B5      	CLRF       ReadByte_num_L0
;DHT11.c,60 :: 		DataDir = 1;
0x00FD	0x1405      	BSF        TRISA0_bit, 0
;DHT11.c,61 :: 		for (i=0; i<8; i++){
0x00FE	0x1283      	BCF        STATUS, 5
0x00FF	0x01ED      	CLRF       _i
L_ReadByte14:
0x0100	0x3008      	MOVLW      8
0x0101	0x026D      	SUBWF      _i, 0
0x0102	0x1803      	BTFSC      STATUS, 0
0x0103	0x2925      	GOTO       L_ReadByte15
;DHT11.c,62 :: 		while(!Data);
L_ReadByte17:
0x0104	0x1805      	BTFSC      RA0_bit, 0
0x0105	0x2907      	GOTO       L_ReadByte18
0x0106	0x2904      	GOTO       L_ReadByte17
L_ReadByte18:
;DHT11.c,63 :: 		TMR2 = 0;
0x0107	0x0191      	CLRF       TMR2
;DHT11.c,64 :: 		T2CON.TMR2ON = 1;
0x0108	0x1512      	BSF        T2CON, 2
;DHT11.c,65 :: 		while(Data);
L_ReadByte19:
0x0109	0x1C05      	BTFSS      RA0_bit, 0
0x010A	0x290C      	GOTO       L_ReadByte20
0x010B	0x2909      	GOTO       L_ReadByte19
L_ReadByte20:
;DHT11.c,66 :: 		T2CON.TMR2ON = 0;
0x010C	0x1112      	BCF        T2CON, 2
;DHT11.c,67 :: 		if(TMR2 > 40) num |= 1<<(7-i);  // If time > 40us, Data is 1
0x010D	0x0811      	MOVF       TMR2, 0
0x010E	0x3C28      	SUBLW      40
0x010F	0x1803      	BTFSC      STATUS, 0
0x0110	0x2922      	GOTO       L_ReadByte21
0x0111	0x086D      	MOVF       _i, 0
0x0112	0x3C07      	SUBLW      7
0x0113	0x00F0      	MOVWF      R0
0x0114	0x0870      	MOVF       R0, 0
0x0115	0x00F1      	MOVWF      R1
0x0116	0x3001      	MOVLW      1
0x0117	0x00F0      	MOVWF      R0
0x0118	0x0871      	MOVF       R1, 0
L__ReadByte36:
0x0119	0x1903      	BTFSC      STATUS, 2
0x011A	0x291F      	GOTO       L__ReadByte37
0x011B	0x0DF0      	RLF        R0, 1
0x011C	0x1070      	BCF        R0, 0
0x011D	0x3EFF      	ADDLW      255
0x011E	0x2919      	GOTO       L__ReadByte36
L__ReadByte37:
0x011F	0x0870      	MOVF       R0, 0
0x0120	0x1683      	BSF        STATUS, 5
0x0121	0x04B5      	IORWF      ReadByte_num_L0, 1
L_ReadByte21:
;DHT11.c,61 :: 		for (i=0; i<8; i++){
0x0122	0x1283      	BCF        STATUS, 5
0x0123	0x0AED      	INCF       _i, 1
;DHT11.c,68 :: 		}
0x0124	0x2900      	GOTO       L_ReadByte14
L_ReadByte15:
;DHT11.c,69 :: 		return num;
0x0125	0x1683      	BSF        STATUS, 5
0x0126	0x0835      	MOVF       ReadByte_num_L0, 0
0x0127	0x00F0      	MOVWF      R0
;DHT11.c,70 :: 		}
L_end_ReadByte:
0x0128	0x0008      	RETURN
; end of _ReadByte
___CC2DW:
;__Lib_System.c,134 :: 		
;__Lib_System.c,137 :: 		
_CC2D_Loop1:
;__Lib_System.c,139 :: 		
0x0129	0x2087      	CALL       _____DoICP
0x012A	0x118A      	BCF        PCLATH, 3
0x012B	0x120A      	BCF        PCLATH, 4
;__Lib_System.c,141 :: 		
0x012C	0x0080      	MOVWF      INDF
;__Lib_System.c,142 :: 		
0x012D	0x0A84      	INCF       FSR, 1
;__Lib_System.c,143 :: 		
0x012E	0x0AEA      	INCF       ___DoICPAddr, 1
;__Lib_System.c,145 :: 		
0x012F	0x1903      	BTFSC      STATUS, 2
;__Lib_System.c,146 :: 		
0x0130	0x0AEB      	INCF       ___DoICPAddr+1, 1
;__Lib_System.c,147 :: 		
0x0131	0x03F0      	DECF       R0, 1
;__Lib_System.c,149 :: 		
0x0132	0x1D03      	BTFSS      STATUS, 2
;__Lib_System.c,150 :: 		
0x0133	0x2929      	GOTO       _CC2D_Loop1
;__Lib_System.c,152 :: 		
L_end___CC2DW:
0x0134	0x0008      	RETURN
; end of ___CC2DW
_Div_8x8_U:
;__Lib_Math.c,189 :: 		
;__Lib_Math.c,196 :: 		
0x0135	0x1283      	BCF        STATUS, 5
;__Lib_Math.c,197 :: 		
0x0136	0x1303      	BCF        STATUS, 6
;__Lib_Math.c,198 :: 		
0x0137	0x01F8      	CLRF       R8
;__Lib_Math.c,199 :: 		
0x0138	0x3008      	MOVLW      8
;__Lib_Math.c,200 :: 		
0x0139	0x00FC      	MOVWF      R12
;__Lib_Math.c,201 :: 		
0x013A	0x0D70      	RLF        R0, 0
;__Lib_Math.c,202 :: 		
0x013B	0x0DF8      	RLF        R8, 1
;__Lib_Math.c,203 :: 		
0x013C	0x0874      	MOVF       R4, 0
;__Lib_Math.c,204 :: 		
0x013D	0x02F8      	SUBWF      R8, 1
;__Lib_Math.c,205 :: 		
0x013E	0x1803      	BTFSC      STATUS, 0
;__Lib_Math.c,206 :: 		
0x013F	0x2942      	GOTO       $+3
;__Lib_Math.c,207 :: 		
0x0140	0x07F8      	ADDWF      R8, 1
;__Lib_Math.c,208 :: 		
0x0141	0x1003      	BCF        STATUS, 0
;__Lib_Math.c,209 :: 		
0x0142	0x0DF0      	RLF        R0, 1
;__Lib_Math.c,210 :: 		
0x0143	0x0BFC      	DECFSZ     R12, 1
;__Lib_Math.c,211 :: 		
0x0144	0x293A      	GOTO       $-10
;__Lib_Math.c,213 :: 		
L_end_Div_8x8_U:
0x0145	0x0008      	RETURN
; end of _Div_8x8_U
_StartSignal:
;DHT11.c,31 :: 		void StartSignal(){
;DHT11.c,32 :: 		DataDir = 0;     // Data port is output
0x0146	0x1683      	BSF        STATUS, 5
0x0147	0x1303      	BCF        STATUS, 6
0x0148	0x1005      	BCF        TRISA0_bit, 0
;DHT11.c,33 :: 		Data    = 0;
0x0149	0x1283      	BCF        STATUS, 5
0x014A	0x1005      	BCF        RA0_bit, 0
;DHT11.c,34 :: 		Delay_ms(25);
0x014B	0x3021      	MOVLW      33
0x014C	0x00FC      	MOVWF      R12
0x014D	0x3076      	MOVLW      118
0x014E	0x00FD      	MOVWF      R13
L_StartSignal0:
0x014F	0x0BFD      	DECFSZ     R13, 1
0x0150	0x294F      	GOTO       L_StartSignal0
0x0151	0x0BFC      	DECFSZ     R12, 1
0x0152	0x294F      	GOTO       L_StartSignal0
0x0153	0x0000      	NOP
;DHT11.c,35 :: 		Data    = 1;
0x0154	0x1405      	BSF        RA0_bit, 0
;DHT11.c,36 :: 		Delay_us(30);
0x0155	0x3009      	MOVLW      9
0x0156	0x00FD      	MOVWF      R13
L_StartSignal1:
0x0157	0x0BFD      	DECFSZ     R13, 1
0x0158	0x2957      	GOTO       L_StartSignal1
0x0159	0x0000      	NOP
0x015A	0x0000      	NOP
;DHT11.c,37 :: 		DataDir = 1;     // Data port is input
0x015B	0x1683      	BSF        STATUS, 5
0x015C	0x1405      	BSF        TRISA0_bit, 0
;DHT11.c,39 :: 		}
L_end_StartSignal:
0x015D	0x0008      	RETURN
; end of _StartSignal
_Lcd_Init:
;__Lib_Lcd.c,84 :: 		
;__Lib_Lcd.c,86 :: 		
0x015E	0x1683      	BSF        STATUS, 5
0x015F	0x1303      	BCF        STATUS, 6
0x0160	0x1186      	BCF        LCD_EN_Direction, BitPos(LCD_EN_Direction+0)
;__Lib_Lcd.c,87 :: 		
0x0161	0x1106      	BCF        LCD_RS_Direction, BitPos(LCD_RS_Direction+0)
;__Lib_Lcd.c,88 :: 		
0x0162	0x1206      	BCF        LCD_D4_Direction, BitPos(LCD_D4_Direction+0)
;__Lib_Lcd.c,89 :: 		
0x0163	0x1286      	BCF        LCD_D5_Direction, BitPos(LCD_D5_Direction+0)
;__Lib_Lcd.c,90 :: 		
0x0164	0x1306      	BCF        LCD_D6_Direction, BitPos(LCD_D6_Direction+0)
;__Lib_Lcd.c,91 :: 		
0x0165	0x1386      	BCF        LCD_D7_Direction, BitPos(LCD_D7_Direction+0)
;__Lib_Lcd.c,93 :: 		
0x0166	0x1283      	BCF        STATUS, 5
0x0167	0x1186      	BCF        LCD_EN, BitPos(LCD_EN+0)
;__Lib_Lcd.c,94 :: 		
0x0168	0x1106      	BCF        LCD_RS, BitPos(LCD_RS+0)
;__Lib_Lcd.c,95 :: 		
0x0169	0x1386      	BCF        LCD_D7, BitPos(LCD_D7+0)
;__Lib_Lcd.c,96 :: 		
0x016A	0x1306      	BCF        LCD_D6, BitPos(LCD_D6+0)
;__Lib_Lcd.c,97 :: 		
0x016B	0x1286      	BCF        LCD_D5, BitPos(LCD_D5+0)
;__Lib_Lcd.c,98 :: 		
0x016C	0x1206      	BCF        LCD_D4, BitPos(LCD_D4+0)
;__Lib_Lcd.c,100 :: 		
0x016D	0x2025      	CALL       _Delay_5500us
;__Lib_Lcd.c,101 :: 		
0x016E	0x2025      	CALL       _Delay_5500us
;__Lib_Lcd.c,102 :: 		
0x016F	0x2025      	CALL       _Delay_5500us
;__Lib_Lcd.c,105 :: 		
0x0170	0x1686      	BSF        LCD_D5, BitPos(LCD_D5+0)
;__Lib_Lcd.c,106 :: 		
0x0171	0x1606      	BSF        LCD_D4, BitPos(LCD_D4+0)
;__Lib_Lcd.c,107 :: 		
0x0172	0x1586      	BSF        LCD_EN, BitPos(LCD_EN+0)
;__Lib_Lcd.c,108 :: 		
0x0173	0x2023      	CALL       _Delay_1us
;__Lib_Lcd.c,109 :: 		
0x0174	0x1186      	BCF        LCD_EN, BitPos(LCD_EN+0)
;__Lib_Lcd.c,110 :: 		
0x0175	0x2025      	CALL       _Delay_5500us
;__Lib_Lcd.c,112 :: 		
0x0176	0x1586      	BSF        LCD_EN, BitPos(LCD_EN+0)
;__Lib_Lcd.c,113 :: 		
0x0177	0x2023      	CALL       _Delay_1us
;__Lib_Lcd.c,114 :: 		
0x0178	0x1186      	BCF        LCD_EN, BitPos(LCD_EN+0)
;__Lib_Lcd.c,115 :: 		
0x0179	0x2025      	CALL       _Delay_5500us
;__Lib_Lcd.c,117 :: 		
0x017A	0x1586      	BSF        LCD_EN, BitPos(LCD_EN+0)
;__Lib_Lcd.c,118 :: 		
0x017B	0x2023      	CALL       _Delay_1us
;__Lib_Lcd.c,119 :: 		
0x017C	0x1186      	BCF        LCD_EN, BitPos(LCD_EN+0)
;__Lib_Lcd.c,120 :: 		
0x017D	0x2025      	CALL       _Delay_5500us
;__Lib_Lcd.c,123 :: 		
0x017E	0x1206      	BCF        LCD_D4, BitPos(LCD_D4+0)
;__Lib_Lcd.c,124 :: 		
0x017F	0x1586      	BSF        LCD_EN, BitPos(LCD_EN+0)
;__Lib_Lcd.c,125 :: 		
0x0180	0x2023      	CALL       _Delay_1us
;__Lib_Lcd.c,126 :: 		
0x0181	0x1186      	BCF        LCD_EN, BitPos(LCD_EN+0)
;__Lib_Lcd.c,127 :: 		
0x0182	0x2025      	CALL       _Delay_5500us
;__Lib_Lcd.c,130 :: 		
0x0183	0x1586      	BSF        LCD_EN, BitPos(LCD_EN+0)
;__Lib_Lcd.c,131 :: 		
0x0184	0x2023      	CALL       _Delay_1us
;__Lib_Lcd.c,132 :: 		
0x0185	0x1186      	BCF        LCD_EN, BitPos(LCD_EN+0)
;__Lib_Lcd.c,134 :: 		
0x0186	0x1286      	BCF        LCD_D5, BitPos(LCD_D5+0)
;__Lib_Lcd.c,135 :: 		
0x0187	0x1786      	BSF        LCD_D7, BitPos(LCD_D7+0)
;__Lib_Lcd.c,136 :: 		
0x0188	0x1586      	BSF        LCD_EN, BitPos(LCD_EN+0)
;__Lib_Lcd.c,137 :: 		
0x0189	0x2023      	CALL       _Delay_1us
;__Lib_Lcd.c,138 :: 		
0x018A	0x1186      	BCF        LCD_EN, BitPos(LCD_EN+0)
;__Lib_Lcd.c,139 :: 		
0x018B	0x2025      	CALL       _Delay_5500us
;__Lib_Lcd.c,142 :: 		
0x018C	0x1386      	BCF        LCD_D7, BitPos(LCD_D7+0)
;__Lib_Lcd.c,143 :: 		
0x018D	0x1606      	BSF        LCD_D4, BitPos(LCD_D4+0)
;__Lib_Lcd.c,144 :: 		
0x018E	0x1586      	BSF        LCD_EN, BitPos(LCD_EN+0)
;__Lib_Lcd.c,145 :: 		
0x018F	0x2023      	CALL       _Delay_1us
;__Lib_Lcd.c,146 :: 		
0x0190	0x1186      	BCF        LCD_EN, BitPos(LCD_EN+0)
;__Lib_Lcd.c,148 :: 		
0x0191	0x1206      	BCF        LCD_D4, BitPos(LCD_D4+0)
;__Lib_Lcd.c,149 :: 		
0x0192	0x1586      	BSF        LCD_EN, BitPos(LCD_EN+0)
;__Lib_Lcd.c,150 :: 		
0x0193	0x2023      	CALL       _Delay_1us
;__Lib_Lcd.c,151 :: 		
0x0194	0x1186      	BCF        LCD_EN, BitPos(LCD_EN+0)
;__Lib_Lcd.c,152 :: 		
0x0195	0x2025      	CALL       _Delay_5500us
;__Lib_Lcd.c,155 :: 		
0x0196	0x1586      	BSF        LCD_EN, BitPos(LCD_EN+0)
;__Lib_Lcd.c,156 :: 		
0x0197	0x2023      	CALL       _Delay_1us
;__Lib_Lcd.c,157 :: 		
0x0198	0x1186      	BCF        LCD_EN, BitPos(LCD_EN+0)
;__Lib_Lcd.c,159 :: 		
0x0199	0x1606      	BSF        LCD_D4, BitPos(LCD_D4+0)
;__Lib_Lcd.c,160 :: 		
0x019A	0x1586      	BSF        LCD_EN, BitPos(LCD_EN+0)
;__Lib_Lcd.c,161 :: 		
0x019B	0x2023      	CALL       _Delay_1us
;__Lib_Lcd.c,162 :: 		
0x019C	0x1186      	BCF        LCD_EN, BitPos(LCD_EN+0)
;__Lib_Lcd.c,163 :: 		
0x019D	0x2025      	CALL       _Delay_5500us
;__Lib_Lcd.c,166 :: 		
0x019E	0x1206      	BCF        LCD_D4, BitPos(LCD_D4+0)
;__Lib_Lcd.c,167 :: 		
0x019F	0x1586      	BSF        LCD_EN, BitPos(LCD_EN+0)
;__Lib_Lcd.c,168 :: 		
0x01A0	0x2023      	CALL       _Delay_1us
;__Lib_Lcd.c,169 :: 		
0x01A1	0x1186      	BCF        LCD_EN, BitPos(LCD_EN+0)
;__Lib_Lcd.c,171 :: 		
0x01A2	0x1786      	BSF        LCD_D7, BitPos(LCD_D7+0)
;__Lib_Lcd.c,172 :: 		
0x01A3	0x1706      	BSF        LCD_D6, BitPos(LCD_D6+0)
;__Lib_Lcd.c,173 :: 		
0x01A4	0x1686      	BSF        LCD_D5, BitPos(LCD_D5+0)
;__Lib_Lcd.c,174 :: 		
0x01A5	0x1606      	BSF        LCD_D4, BitPos(LCD_D4+0)
;__Lib_Lcd.c,175 :: 		
0x01A6	0x1586      	BSF        LCD_EN, BitPos(LCD_EN+0)
;__Lib_Lcd.c,176 :: 		
0x01A7	0x2023      	CALL       _Delay_1us
;__Lib_Lcd.c,177 :: 		
0x01A8	0x1186      	BCF        LCD_EN, BitPos(LCD_EN+0)
;__Lib_Lcd.c,179 :: 		
0x01A9	0x2025      	CALL       _Delay_5500us
;__Lib_Lcd.c,181 :: 		
0x01AA	0x146C      	BSF        __Lib_Lcd_cmd_status, BitPos(__Lib_Lcd_cmd_status+0)
;__Lib_Lcd.c,182 :: 		
L_end_Lcd_Init:
0x01AB	0x0008      	RETURN
; end of _Lcd_Init
_main:
0x01AC	0x22E4      	CALL       740
;DHT11.c,80 :: 		void main() {
;DHT11.c,82 :: 		TRISB = 0b00000000;
0x01AD	0x1683      	BSF        STATUS, 5
0x01AE	0x1303      	BCF        STATUS, 6
0x01AF	0x0186      	CLRF       TRISB
;DHT11.c,83 :: 		PORTB = 0;
0x01B0	0x1283      	BCF        STATUS, 5
0x01B1	0x0186      	CLRF       PORTB
;DHT11.c,84 :: 		TRISA = 0b00100001;
0x01B2	0x3021      	MOVLW      33
0x01B3	0x1683      	BSF        STATUS, 5
0x01B4	0x0085      	MOVWF      TRISA
;DHT11.c,85 :: 		CMCON = 7;
0x01B5	0x3007      	MOVLW      7
0x01B6	0x1283      	BCF        STATUS, 5
0x01B7	0x009F      	MOVWF      CMCON
;DHT11.c,86 :: 		INTCON.GIE = 1;    //Enable global interrupt
0x01B8	0x178B      	BSF        INTCON, 7
;DHT11.c,87 :: 		INTCON.PEIE = 1;   //Enable peripheral interrupt
0x01B9	0x170B      	BSF        INTCON, 6
;DHT11.c,89 :: 		PIE1.TMR2IE = 1;  // Enable Timer2 interrupt
0x01BA	0x1683      	BSF        STATUS, 5
0x01BB	0x148C      	BSF        PIE1, 1
;DHT11.c,90 :: 		T2CON = 0;        // Prescaler 1:1, and Timer2 is off initially
0x01BC	0x1283      	BCF        STATUS, 5
0x01BD	0x0192      	CLRF       T2CON
;DHT11.c,91 :: 		PIR1.TMR2IF =0;   // Clear TMR INT Flag bit
0x01BE	0x108C      	BCF        PIR1, 1
;DHT11.c,92 :: 		TMR2 = 0;
0x01BF	0x0191      	CLRF       TMR2
;DHT11.c,93 :: 		Lcd_Init();
0x01C0	0x215E      	CALL       _Lcd_Init
;DHT11.c,94 :: 		Lcd_Cmd(_Lcd_Clear);
0x01C1	0x3001      	MOVLW      1
0x01C2	0x1683      	BSF        STATUS, 5
0x01C3	0x00BA      	MOVWF      FARG_Lcd_Cmd_out_char
0x01C4	0x2030      	CALL       _Lcd_Cmd
;DHT11.c,95 :: 		Lcd_Cmd(_LCD_CURSOR_OFF);
0x01C5	0x300C      	MOVLW      12
0x01C6	0x1683      	BSF        STATUS, 5
0x01C7	0x00BA      	MOVWF      FARG_Lcd_Cmd_out_char
0x01C8	0x2030      	CALL       _Lcd_Cmd
;DHT11.c,97 :: 		do {
L_main23:
;DHT11.c,98 :: 		Delay_ms(1000);
0x01C9	0x3006      	MOVLW      6
0x01CA	0x00FB      	MOVWF      R11
0x01CB	0x3013      	MOVLW      19
0x01CC	0x00FC      	MOVWF      R12
0x01CD	0x30AD      	MOVLW      173
0x01CE	0x00FD      	MOVWF      R13
L_main26:
0x01CF	0x0BFD      	DECFSZ     R13, 1
0x01D0	0x29CF      	GOTO       L_main26
0x01D1	0x0BFC      	DECFSZ     R12, 1
0x01D2	0x29CF      	GOTO       L_main26
0x01D3	0x0BFB      	DECFSZ     R11, 1
0x01D4	0x29CF      	GOTO       L_main26
0x01D5	0x0000      	NOP
0x01D6	0x0000      	NOP
;DHT11.c,99 :: 		StartSignal();
0x01D7	0x2146      	CALL       _StartSignal
;DHT11.c,100 :: 		check = CheckResponse();
0x01D8	0x2097      	CALL       _CheckResponse
;DHT11.c,101 :: 		if (!check) {
0x01D9	0x0870      	MOVF       R0, 0
0x01DA	0x1D03      	BTFSS      STATUS, 2
0x01DB	0x29F1      	GOTO       L_main27
;DHT11.c,102 :: 		Lcd_Cmd(_Lcd_Clear);
0x01DC	0x3001      	MOVLW      1
0x01DD	0x1683      	BSF        STATUS, 5
0x01DE	0x00BA      	MOVWF      FARG_Lcd_Cmd_out_char
0x01DF	0x2030      	CALL       _Lcd_Cmd
;DHT11.c,103 :: 		Lcd_Out(1, 1, "No response");
0x01E0	0x3001      	MOVLW      1
0x01E1	0x1683      	BSF        STATUS, 5
0x01E2	0x00B5      	MOVWF      FARG_Lcd_Out_row
0x01E3	0x3001      	MOVLW      1
0x01E4	0x00B6      	MOVWF      FARG_Lcd_Out_column
0x01E5	0x3021      	MOVLW      ?lstr1_DHT11
0x01E6	0x00B7      	MOVWF      FARG_Lcd_Out_text
0x01E7	0x20B7      	CALL       _Lcd_Out
;DHT11.c,104 :: 		Lcd_Out(2, 1, "from the sensor");
0x01E8	0x3002      	MOVLW      2
0x01E9	0x1683      	BSF        STATUS, 5
0x01EA	0x00B5      	MOVWF      FARG_Lcd_Out_row
0x01EB	0x3001      	MOVLW      1
0x01EC	0x00B6      	MOVWF      FARG_Lcd_Out_column
0x01ED	0x30A0      	MOVLW      ?lstr2_DHT11
0x01EE	0x00B7      	MOVWF      FARG_Lcd_Out_text
0x01EF	0x20B7      	CALL       _Lcd_Out
;DHT11.c,105 :: 		}
0x01F0	0x2A82      	GOTO       L_main28
L_main27:
;DHT11.c,108 :: 		RH_Byte1 = ReadByte();
0x01F1	0x20FA      	CALL       _ReadByte
0x01F2	0x0870      	MOVF       R0, 0
0x01F3	0x1283      	BCF        STATUS, 5
0x01F4	0x00EF      	MOVWF      _RH_Byte1
;DHT11.c,109 :: 		RH_Byte2 = ReadByte();
0x01F5	0x20FA      	CALL       _ReadByte
0x01F6	0x0870      	MOVF       R0, 0
0x01F7	0x1283      	BCF        STATUS, 5
0x01F8	0x00EE      	MOVWF      _RH_Byte2
;DHT11.c,110 :: 		T_Byte1 = ReadByte();
0x01F9	0x20FA      	CALL       _ReadByte
0x01FA	0x0870      	MOVF       R0, 0
0x01FB	0x00B2      	MOVWF      _T_Byte1
;DHT11.c,111 :: 		T_Byte2 = ReadByte();
0x01FC	0x20FA      	CALL       _ReadByte
0x01FD	0x0870      	MOVF       R0, 0
0x01FE	0x00B1      	MOVWF      _T_Byte2
;DHT11.c,112 :: 		CheckSum = ReadByte();
0x01FF	0x20FA      	CALL       _ReadByte
0x0200	0x0870      	MOVF       R0, 0
0x0201	0x00B0      	MOVWF      _CheckSum
;DHT11.c,114 :: 		if (CheckSum == ((RH_Byte1 + RH_Byte2 + T_Byte1 + T_Byte2) & 0xFF))
0x0202	0x1283      	BCF        STATUS, 5
0x0203	0x086E      	MOVF       _RH_Byte2, 0
0x0204	0x076F      	ADDWF      _RH_Byte1, 0
0x0205	0x00F1      	MOVWF      R1
0x0206	0x01F2      	CLRF       R1+1
0x0207	0x1803      	BTFSC      STATUS, 0
0x0208	0x0AF2      	INCF       R1+1, 1
0x0209	0x1683      	BSF        STATUS, 5
0x020A	0x0832      	MOVF       _T_Byte1, 0
0x020B	0x07F1      	ADDWF      R1, 1
0x020C	0x1803      	BTFSC      STATUS, 0
0x020D	0x0AF2      	INCF       R1+1, 1
0x020E	0x0831      	MOVF       _T_Byte2, 0
0x020F	0x07F1      	ADDWF      R1, 1
0x0210	0x1803      	BTFSC      STATUS, 0
0x0211	0x0AF2      	INCF       R1+1, 1
0x0212	0x30FF      	MOVLW      255
0x0213	0x0571      	ANDWF      R1, 0
0x0214	0x00F3      	MOVWF      R3
0x0215	0x0872      	MOVF       R1+1, 0
0x0216	0x00F4      	MOVWF      R3+1
0x0217	0x3000      	MOVLW      0
0x0218	0x05F4      	ANDWF      R3+1, 1
0x0219	0x3000      	MOVLW      0
0x021A	0x0674      	XORWF      R3+1, 0
0x021B	0x1D03      	BTFSS      STATUS, 2
0x021C	0x2A1F      	GOTO       L__main41
0x021D	0x0873      	MOVF       R3, 0
0x021E	0x0670      	XORWF      R0, 0
L__main41:
0x021F	0x1D03      	BTFSS      STATUS, 2
0x0220	0x2A6E      	GOTO       L_main29
;DHT11.c,116 :: 		message1[7]  = T_Byte1/10 + 48;
0x0221	0x300A      	MOVLW      10
0x0222	0x00F4      	MOVWF      R4
0x0223	0x0832      	MOVF       _T_Byte1, 0
0x0224	0x00F0      	MOVWF      R0
0x0225	0x2135      	CALL       _Div_8x8_U
0x0226	0x3030      	MOVLW      48
0x0227	0x0770      	ADDWF      R0, 0
0x0228	0x00D2      	MOVWF      _message1+7
;DHT11.c,117 :: 		message1[8]  = T_Byte1%10 + 48;
0x0229	0x300A      	MOVLW      10
0x022A	0x00F4      	MOVWF      R4
0x022B	0x1683      	BSF        STATUS, 5
0x022C	0x0832      	MOVF       _T_Byte1, 0
0x022D	0x00F0      	MOVWF      R0
0x022E	0x2135      	CALL       _Div_8x8_U
0x022F	0x0878      	MOVF       R8, 0
0x0230	0x00F0      	MOVWF      R0
0x0231	0x3030      	MOVLW      48
0x0232	0x0770      	ADDWF      R0, 0
0x0233	0x00D3      	MOVWF      _message1+8
;DHT11.c,118 :: 		message1[10] = T_Byte2/10 + 48;
0x0234	0x300A      	MOVLW      10
0x0235	0x00F4      	MOVWF      R4
0x0236	0x1683      	BSF        STATUS, 5
0x0237	0x0831      	MOVF       _T_Byte2, 0
0x0238	0x00F0      	MOVWF      R0
0x0239	0x2135      	CALL       _Div_8x8_U
0x023A	0x3030      	MOVLW      48
0x023B	0x0770      	ADDWF      R0, 0
0x023C	0x00D5      	MOVWF      _message1+10
;DHT11.c,119 :: 		message2[7]  = RH_Byte1/10 + 48;
0x023D	0x300A      	MOVLW      10
0x023E	0x00F4      	MOVWF      R4
0x023F	0x086F      	MOVF       _RH_Byte1, 0
0x0240	0x00F0      	MOVWF      R0
0x0241	0x2135      	CALL       _Div_8x8_U
0x0242	0x3030      	MOVLW      48
0x0243	0x0770      	ADDWF      R0, 0
0x0244	0x00C4      	MOVWF      _message2+7
;DHT11.c,120 :: 		message2[8]  = RH_Byte1%10 + 48;
0x0245	0x300A      	MOVLW      10
0x0246	0x00F4      	MOVWF      R4
0x0247	0x086F      	MOVF       _RH_Byte1, 0
0x0248	0x00F0      	MOVWF      R0
0x0249	0x2135      	CALL       _Div_8x8_U
0x024A	0x0878      	MOVF       R8, 0
0x024B	0x00F0      	MOVWF      R0
0x024C	0x3030      	MOVLW      48
0x024D	0x0770      	ADDWF      R0, 0
0x024E	0x00C5      	MOVWF      _message2+8
;DHT11.c,121 :: 		message2[10] = RH_Byte2/10 + 48;
0x024F	0x300A      	MOVLW      10
0x0250	0x00F4      	MOVWF      R4
0x0251	0x086E      	MOVF       _RH_Byte2, 0
0x0252	0x00F0      	MOVWF      R0
0x0253	0x2135      	CALL       _Div_8x8_U
0x0254	0x3030      	MOVLW      48
0x0255	0x0770      	ADDWF      R0, 0
0x0256	0x00C7      	MOVWF      _message2+10
;DHT11.c,122 :: 		message1[11] = 223;     // Degree symbol
0x0257	0x30DF      	MOVLW      223
0x0258	0x00D6      	MOVWF      _message1+11
;DHT11.c,123 :: 		Lcd_Cmd(_Lcd_Clear);
0x0259	0x3001      	MOVLW      1
0x025A	0x1683      	BSF        STATUS, 5
0x025B	0x00BA      	MOVWF      FARG_Lcd_Cmd_out_char
0x025C	0x2030      	CALL       _Lcd_Cmd
;DHT11.c,124 :: 		Lcd_Out(1, 1, message1);
0x025D	0x3001      	MOVLW      1
0x025E	0x1683      	BSF        STATUS, 5
0x025F	0x00B5      	MOVWF      FARG_Lcd_Out_row
0x0260	0x3001      	MOVLW      1
0x0261	0x00B6      	MOVWF      FARG_Lcd_Out_column
0x0262	0x304B      	MOVLW      _message1
0x0263	0x00B7      	MOVWF      FARG_Lcd_Out_text
0x0264	0x20B7      	CALL       _Lcd_Out
;DHT11.c,125 :: 		Lcd_Out(2, 1, message2);
0x0265	0x3002      	MOVLW      2
0x0266	0x1683      	BSF        STATUS, 5
0x0267	0x00B5      	MOVWF      FARG_Lcd_Out_row
0x0268	0x3001      	MOVLW      1
0x0269	0x00B6      	MOVWF      FARG_Lcd_Out_column
0x026A	0x303D      	MOVLW      _message2
0x026B	0x00B7      	MOVWF      FARG_Lcd_Out_text
0x026C	0x20B7      	CALL       _Lcd_Out
;DHT11.c,126 :: 		}
0x026D	0x2A82      	GOTO       L_main30
L_main29:
;DHT11.c,129 :: 		Lcd_Cmd(_Lcd_Clear);
0x026E	0x3001      	MOVLW      1
0x026F	0x1683      	BSF        STATUS, 5
0x0270	0x00BA      	MOVWF      FARG_Lcd_Cmd_out_char
0x0271	0x2030      	CALL       _Lcd_Cmd
;DHT11.c,130 :: 		Lcd_Out(1, 1, "Checksum Error!");
0x0272	0x3001      	MOVLW      1
0x0273	0x1683      	BSF        STATUS, 5
0x0274	0x00B5      	MOVWF      FARG_Lcd_Out_row
0x0275	0x3001      	MOVLW      1
0x0276	0x00B6      	MOVWF      FARG_Lcd_Out_column
0x0277	0x302D      	MOVLW      ?lstr3_DHT11
0x0278	0x00B7      	MOVWF      FARG_Lcd_Out_text
0x0279	0x20B7      	CALL       _Lcd_Out
;DHT11.c,131 :: 		Lcd_Out(2, 1, "Trying Again ...");
0x027A	0x3002      	MOVLW      2
0x027B	0x1683      	BSF        STATUS, 5
0x027C	0x00B5      	MOVWF      FARG_Lcd_Out_row
0x027D	0x3001      	MOVLW      1
0x027E	0x00B6      	MOVWF      FARG_Lcd_Out_column
0x027F	0x3059      	MOVLW      ?lstr4_DHT11
0x0280	0x00B7      	MOVWF      FARG_Lcd_Out_text
0x0281	0x20B7      	CALL       _Lcd_Out
;DHT11.c,132 :: 		}
L_main30:
;DHT11.c,133 :: 		}
L_main28:
;DHT11.c,135 :: 		}while(1);
0x0282	0x29C9      	GOTO       L_main23
;DHT11.c,136 :: 		}
L_end_main:
0x0283	0x2A83      	GOTO       $+0
; end of _main
0x02E4	0x3020      	MOVLW      32
0x02E5	0x0084      	MOVWF      FSR
0x02E6	0x304A      	MOVLW      74
0x02E7	0x1283      	BCF        STATUS, 5
0x02E8	0x1303      	BCF        STATUS, 6
0x02E9	0x00F0      	MOVWF      R0
0x02EA	0x3089      	MOVLW      137
0x02EB	0x00EA      	MOVWF      ___DoICPAddr
0x02EC	0x3002      	MOVLW      2
0x02ED	0x00EB      	MOVWF      107
0x02EE	0x2129      	CALL       297
0x02EF	0x30A0      	MOVLW      160
0x02F0	0x0084      	MOVWF      FSR
0x02F1	0x3010      	MOVLW      16
0x02F2	0x1283      	BCF        STATUS, 5
0x02F3	0x00F0      	MOVWF      R0
0x02F4	0x30D3      	MOVLW      211
0x02F5	0x00EA      	MOVWF      ___DoICPAddr
0x02F6	0x3002      	MOVLW      2
0x02F7	0x00EB      	MOVWF      107
0x02F8	0x2129      	CALL       297
0x02F9	0x0008      	RETURN
;DHT11.c,0 :: ?ICS_TOUT
0x0289	0x3400 ;?ICS_TOUT+0
; end of ?ICS_TOUT
;DHT11.c,0 :: ?ICS?lstr1_DHT11
0x028A	0x344E ;?ICS?lstr1_DHT11+0
0x028B	0x346F ;?ICS?lstr1_DHT11+1
0x028C	0x3420 ;?ICS?lstr1_DHT11+2
0x028D	0x3472 ;?ICS?lstr1_DHT11+3
0x028E	0x3465 ;?ICS?lstr1_DHT11+4
0x028F	0x3473 ;?ICS?lstr1_DHT11+5
0x0290	0x3470 ;?ICS?lstr1_DHT11+6
0x0291	0x346F ;?ICS?lstr1_DHT11+7
0x0292	0x346E ;?ICS?lstr1_DHT11+8
0x0293	0x3473 ;?ICS?lstr1_DHT11+9
0x0294	0x3465 ;?ICS?lstr1_DHT11+10
0x0295	0x3400 ;?ICS?lstr1_DHT11+11
; end of ?ICS?lstr1_DHT11
;DHT11.c,0 :: ?ICS?lstr3_DHT11
0x0296	0x3443 ;?ICS?lstr3_DHT11+0
0x0297	0x3468 ;?ICS?lstr3_DHT11+1
0x0298	0x3465 ;?ICS?lstr3_DHT11+2
0x0299	0x3463 ;?ICS?lstr3_DHT11+3
0x029A	0x346B ;?ICS?lstr3_DHT11+4
0x029B	0x3473 ;?ICS?lstr3_DHT11+5
0x029C	0x3475 ;?ICS?lstr3_DHT11+6
0x029D	0x346D ;?ICS?lstr3_DHT11+7
0x029E	0x3420 ;?ICS?lstr3_DHT11+8
0x029F	0x3445 ;?ICS?lstr3_DHT11+9
0x02A0	0x3472 ;?ICS?lstr3_DHT11+10
0x02A1	0x3472 ;?ICS?lstr3_DHT11+11
0x02A2	0x346F ;?ICS?lstr3_DHT11+12
0x02A3	0x3472 ;?ICS?lstr3_DHT11+13
0x02A4	0x3421 ;?ICS?lstr3_DHT11+14
0x02A5	0x3400 ;?ICS?lstr3_DHT11+15
; end of ?ICS?lstr3_DHT11
;DHT11.c,0 :: ?ICS_message2
0x02A6	0x3452 ;?ICS_message2+0
0x02A7	0x3448 ;?ICS_message2+1
0x02A8	0x3420 ;?ICS_message2+2
0x02A9	0x3420 ;?ICS_message2+3
0x02AA	0x3420 ;?ICS_message2+4
0x02AB	0x343D ;?ICS_message2+5
0x02AC	0x3420 ;?ICS_message2+6
0x02AD	0x3430 ;?ICS_message2+7
0x02AE	0x3430 ;?ICS_message2+8
0x02AF	0x342E ;?ICS_message2+9
0x02B0	0x3430 ;?ICS_message2+10
0x02B1	0x3420 ;?ICS_message2+11
0x02B2	0x3425 ;?ICS_message2+12
0x02B3	0x3400 ;?ICS_message2+13
; end of ?ICS_message2
;DHT11.c,0 :: ?ICS_message1
0x02B4	0x3454 ;?ICS_message1+0
0x02B5	0x3465 ;?ICS_message1+1
0x02B6	0x346D ;?ICS_message1+2
0x02B7	0x3470 ;?ICS_message1+3
0x02B8	0x3420 ;?ICS_message1+4
0x02B9	0x343D ;?ICS_message1+5
0x02BA	0x3420 ;?ICS_message1+6
0x02BB	0x3430 ;?ICS_message1+7
0x02BC	0x3430 ;?ICS_message1+8
0x02BD	0x342E ;?ICS_message1+9
0x02BE	0x3430 ;?ICS_message1+10
0x02BF	0x3420 ;?ICS_message1+11
0x02C0	0x3443 ;?ICS_message1+12
0x02C1	0x3400 ;?ICS_message1+13
; end of ?ICS_message1
;DHT11.c,0 :: ?ICS?lstr4_DHT11
0x02C2	0x3454 ;?ICS?lstr4_DHT11+0
0x02C3	0x3472 ;?ICS?lstr4_DHT11+1
0x02C4	0x3479 ;?ICS?lstr4_DHT11+2
0x02C5	0x3469 ;?ICS?lstr4_DHT11+3
0x02C6	0x346E ;?ICS?lstr4_DHT11+4
0x02C7	0x3467 ;?ICS?lstr4_DHT11+5
0x02C8	0x3420 ;?ICS?lstr4_DHT11+6
0x02C9	0x3441 ;?ICS?lstr4_DHT11+7
0x02CA	0x3467 ;?ICS?lstr4_DHT11+8
0x02CB	0x3461 ;?ICS?lstr4_DHT11+9
0x02CC	0x3469 ;?ICS?lstr4_DHT11+10
0x02CD	0x346E ;?ICS?lstr4_DHT11+11
0x02CE	0x3420 ;?ICS?lstr4_DHT11+12
0x02CF	0x342E ;?ICS?lstr4_DHT11+13
0x02D0	0x342E ;?ICS?lstr4_DHT11+14
0x02D1	0x342E ;?ICS?lstr4_DHT11+15
0x02D2	0x3400 ;?ICS?lstr4_DHT11+16
; end of ?ICS?lstr4_DHT11
;DHT11.c,0 :: ?ICS?lstr2_DHT11
0x02D3	0x3466 ;?ICS?lstr2_DHT11+0
0x02D4	0x3472 ;?ICS?lstr2_DHT11+1
0x02D5	0x346F ;?ICS?lstr2_DHT11+2
0x02D6	0x346D ;?ICS?lstr2_DHT11+3
0x02D7	0x3420 ;?ICS?lstr2_DHT11+4
0x02D8	0x3474 ;?ICS?lstr2_DHT11+5
0x02D9	0x3468 ;?ICS?lstr2_DHT11+6
0x02DA	0x3465 ;?ICS?lstr2_DHT11+7
0x02DB	0x3420 ;?ICS?lstr2_DHT11+8
0x02DC	0x3473 ;?ICS?lstr2_DHT11+9
0x02DD	0x3465 ;?ICS?lstr2_DHT11+10
0x02DE	0x346E ;?ICS?lstr2_DHT11+11
0x02DF	0x3473 ;?ICS?lstr2_DHT11+12
0x02E0	0x346F ;?ICS?lstr2_DHT11+13
0x02E1	0x3472 ;?ICS?lstr2_DHT11+14
0x02E2	0x3400 ;?ICS?lstr2_DHT11+15
; end of ?ICS?lstr2_DHT11
Symbol List:
//** Routines locations **
//ADDRESS    SIZE    PROCEDURE
//----------------------------------------------
0x0004      [23]    _interrupt
0x001B       [8]    _Delay_50us
0x0023       [2]    _Delay_1us
0x0025      [11]    _Delay_5500us
0x0030      [87]    _Lcd_Cmd
0x0087       [7]    _____DoICP
0x008E       [9]    _Lcd_Chr_CP
0x0097      [32]    _CheckResponse
0x00B7      [67]    _Lcd_Out
0x00FA      [47]    _ReadByte
0x0129      [12]    ___CC2DW
0x0135      [17]    _Div_8x8_U
0x0146      [24]    _StartSignal
0x015E      [78]    _Lcd_Init
0x01AC     [215]    _main
//** Variables locations ** 
//ADDRESS    SIZE    VARIABLE
//----------------------------------------------
0x0000       [1]    INDF
0x0002       [1]    PCL
0x0003       [1]    STATUS
0x0004       [1]    FSR
0x0005       [0]    RA0_bit
0x0005       [0]    Data
0x0006       [1]    PORTB
0x0006       [0]    RB4_bit
0x0006       [0]    RB6_bit
0x0006       [0]    LCD_RS
0x0006       [0]    RB5_bit
0x0006       [0]    LCD_D5
0x0006       [0]    RB2_bit
0x0006       [0]    RB3_bit
0x0006       [0]    LCD_D4
0x0006       [0]    LCD_D7
0x0006       [0]    RB7_bit
0x0006       [0]    LCD_D6
0x0006       [0]    LCD_EN
0x000A       [1]    PCLATH
0x000B       [1]    INTCON
0x000C       [1]    PIR1
0x0011       [1]    TMR2
0x0012       [1]    T2CON
0x001F       [1]    CMCON
0x0020       [1]    _TOUT
0x0021      [12]    ?lstr1_DHT11
0x002D      [16]    ?lstr3_DHT11
0x003D      [14]    _message2
0x004B      [14]    _message1
0x0059      [17]    ?lstr4_DHT11
0x006A       [2]    ___DoICPAddr
0x006C       [0]    __Lib_Lcd_cmd_status
0x006D       [1]    _i
0x006E       [1]    _RH_Byte2
0x006F       [1]    _RH_Byte1
0x0070       [1]    R0
0x0071       [1]    R1
0x0072       [1]    R2
0x0073       [1]    R3
0x0074       [1]    R4
0x0075       [1]    R5
0x0076       [1]    R6
0x0077       [1]    R7
0x0078       [1]    R8
0x0079       [1]    R9
0x007A       [1]    R10
0x007B       [1]    R11
0x007C       [1]    R12
0x007D       [1]    R13
0x007E       [1]    R14
0x007F       [1]    R15
0x0085       [0]    DataDir
0x0085       [0]    TRISA0_bit
0x0085       [1]    TRISA
0x0086       [0]    TRISB2_bit
0x0086       [0]    LCD_D6_Direction
0x0086       [0]    LCD_D4_Direction
0x0086       [1]    TRISB
0x0086       [0]    TRISB3_bit
0x0086       [0]    TRISB6_bit
0x0086       [0]    TRISB5_bit
0x0086       [0]    TRISB7_bit
0x0086       [0]    LCD_EN_Direction
0x0086       [0]    LCD_RS_Direction
0x0086       [0]    TRISB4_bit
0x0086       [0]    LCD_D5_Direction
0x0086       [0]    LCD_D7_Direction
0x008C       [1]    PIE1
0x00A0      [16]    ?lstr2_DHT11
0x00B0       [1]    _CheckSum
0x00B1       [1]    _T_Byte2
0x00B2       [1]    _T_Byte1
0x00B3       [1]    ___saveSTATUS
0x00B4       [1]    ___savePCLATH
0x00B5       [1]    FARG_Lcd_Out_row
0x00B5       [1]    ReadByte_num_L0
0x00B6       [1]    FARG_Lcd_Out_column
0x00B7       [1]    FARG_Lcd_Out_text
0x00B8       [1]    Lcd_Out_i_L0
0x00B9       [1]    FARG_Lcd_Chr_CP_out_char
0x00BA       [1]    FARG_Lcd_Cmd_out_char
//** Constants locations ** 
//ADDRESS    SIZE    CONSTANT
//----------------------------------------------
0x0289       [1]    ?ICS_TOUT
0x028A      [12]    ?ICS?lstr1_DHT11
0x0296      [16]    ?ICS?lstr3_DHT11
0x02A6      [14]    ?ICS_message2
0x02B4      [14]    ?ICS_message1
0x02C2      [17]    ?ICS?lstr4_DHT11
0x02D3      [16]    ?ICS?lstr2_DHT11
//** Label List: ** 
//----------------------------------------------
  L_StartSignal0
  L_StartSignal1
  L_CheckResponse2
  L_CheckResponse3
  L_CheckResponse4
  L_CheckResponse5
  L_CheckResponse6
  L_CheckResponse7
  L_CheckResponse8
  L_CheckResponse9
  L_CheckResponse10
  L_CheckResponse11
  L_CheckResponse12
  L_CheckResponse13
  L_ReadByte14
  L_ReadByte15
  L_ReadByte16
  L_ReadByte17
  L_ReadByte18
  L_ReadByte19
  L_ReadByte20
  L_ReadByte21
  L_interrupt22
  L_main23
  L_main24
  L_main25
  L_main26
  L_main27
  L_main28
  L_main29
  L_main30
  L__CheckResponse31
  L__CheckResponse32
  L_end_StartSignal
  _StartSignal
  L_end_CheckResponse
  _CheckResponse
  L_end_ReadByte
  _ReadByte
  L__ReadByte36
  L__ReadByte37
  L_end_interrupt
  _interrupt
  L__interrupt39
  L_end_main
  _main
  L__main41
  L_Delay_10us0
  L_Delay_22us1
  L_Delay_50us2
  L_Delay_80us3
  L_Delay_500us4
  L_Delay_5500us5
  L_Delay_1ms6
  L_Delay_5ms7
  L_Delay_8ms8
  L_Delay_10ms9
  L_Delay_100ms10
  L_Delay_1sec11
  L_boot16_Delay_5ms12
  L_Delay_Cyc13
  L_Delay_Cyc14
  L_VDelay_ms15
  L_VDelay_ms16
  L_VDelay_ms17
  L_VDelay_Advanced_ms18
  L_VDelay_Advanced_ms19
  L_VDelay_Advanced_ms20
  L_end_Get_Fosc_kHz
  _Get_Fosc_kHz
  L_end_Delay_1us
  _Delay_1us
  L_end_Delay_10us
  _Delay_10us
  L_end_Delay_22us
  _Delay_22us
  L_end_Delay_50us
  _Delay_50us
  L_end_Delay_80us
  _Delay_80us
  L_end_Delay_500us
  _Delay_500us
  L_end_Delay_5500us
  _Delay_5500us
  L_end_Delay_1ms
  _Delay_1ms
  L_end_Delay_5ms
  _Delay_5ms
  L_end_Delay_8ms
  _Delay_8ms
  L_end_Delay_10ms
  _Delay_10ms
  L_end_Delay_100ms
  _Delay_100ms
  L_end_Delay_1sec
  _Delay_1sec
  L_end_boot16_Delay_5ms
  _boot16_Delay_5ms
  L_end_Delay_Cyc
  _Delay_Cyc
  L_end_VDelay_ms
  _VDelay_ms
  L__VDelay_ms38
  L__VDelay_ms39
  L__VDelay_ms40
  L_end_VDelay_Advanced_ms
  _VDelay_Advanced_ms
  L__VDelay_Advanced_ms42
  L__VDelay_Advanced_ms43
  L__VDelay_Advanced_ms44
  L_Lcd_Cmd0
  L_Lcd_Cmd1
  L_Lcd_Out_CP2
  L_Lcd_Out_CP3
  L_Lcd_Chr4
  L_Lcd_Chr5
  L_Lcd_Chr6
  L_Lcd_Chr7
  L_Lcd_Chr8
  L_Lcd_Chr9
  L_Lcd_Chr10
  L_Lcd_Out11
  L_Lcd_Out12
  L_Lcd_Out13
  L_Lcd_Out14
  L_Lcd_Out15
  L_Lcd_Out16
  L_Lcd_Out17
  L_Lcd_Out18
  L_Lcd_Out19
  L_end_Lcd_Cmd
  _Lcd_Cmd
  L__Lcd_Cmd21
  L__Lcd_Cmd22
  L__Lcd_Cmd23
  L__Lcd_Cmd24
  L__Lcd_Cmd25
  L__Lcd_Cmd26
  L__Lcd_Cmd27
  L__Lcd_Cmd28
  L__Lcd_Cmd29
  L__Lcd_Cmd30
  L__Lcd_Cmd31
  L__Lcd_Cmd32
  L__Lcd_Cmd33
  L__Lcd_Cmd34
  L__Lcd_Cmd35
  L__Lcd_Cmd36
  L__Lcd_Cmd37
  L__Lcd_Cmd38
  L__Lcd_Cmd39
  L__Lcd_Cmd40
  L_end_Lcd_Chr_CP
  _Lcd_Chr_CP
  L_end_Lcd_Out_CP
  _Lcd_Out_CP
  L_end_Lcd_Chr
  _Lcd_Chr
  L_end_Lcd_Init
  _Lcd_Init
  L_end_Lcd_Out
  _Lcd_Out
  L_Div_16x16_S0
  L_Div_16x16_S1
  LOOPS3232A
  SADD22LA
  SOK22LA
  SADD22L8
  SOK22L8
  LOOPS3232B
  SADD22LB
  SOK22LB
  SADD22L16
  SOK22L16
  LOOPS3232C
  SADD22LC
  SOK22LC
  SADD22L24
  SOK22L24
  LOOPS3232D
  SADD22LD
  SOK22LD
  SOK22L
  L_Div_32x32_S6
  L_Div_32x32_S7
  L_Div_32x32_S8
  L_Div_32x32_S9
  FXD3232S
  END_ALL
  CA3232S
  C3232SX
  C3232SX1
  C3232S
  C3232S2
  C3232SX4
  C3232SOK
  C3232SX3
  C3232SX2
  avoid_comfrem
  LOOPU3232A
  UADD22LA
  UOK22LA
  UADD22L8
  UOK22L8
  LOOPU3232B
  UADD22LB
  UOK22LB
  UADD22L16
  UOK22L16
  LOOPU3232C
  UADD22LC
  UOK22LC
  UADD22L24
  UOK22L24
  LOOPU3232D
  UADD22LD
  UOK22LD
  UOK22L
  _NEXT
  _EXIT2
  _LOOP
  _EXIT1
  _IF_FIRST
  _IF_SECOND
  _INVERCE_FIRST
  _MULT
  _INBERSE_SECOND
  _EXIT
  L_end_Mul_8x8_U
  _Mul_8x8_U
  L_end_Mul_16x16_U
  _Mul_16x16_U
  L_end_Div_8x8_U
  _Div_8x8_U
  L_end_Div_16x16_U
  _Div_16x16_U
  L_end_Mul_8x8_S
  _Mul_8x8_S
  L_end_Mul_16x16_S
  _Mul_16x16_S
  L_end_Div_16x16_S_L
  _Div_16x16_S_L
  L_end_Div_16x16_S
  _Div_16x16_S
  L_end_Div_8x8_S
  _Div_8x8_S
  L_end_SDIV3232L
  _SDIV3232L
  L_end_COMFREM
  _COMFREM
  L_end_Div_32x32_S
  _Div_32x32_S
  L_end_Div_32x32_U
  _Div_32x32_U
  L_end_Mul_32x32_U
  _Mul_32x32_U
  L_end_Mul_32x32_S
  _Mul_32x32_S
  L_loopCA2AWs
  L_CA2AWend
  _CCA2AW_Loop1
  L_loopCS2Ss
  L_CS2Send
  _CCS2S_Loop1
  L_CCS2Send
  L_loopFZinSWs
  L_FZinSend
  _CC2D_Loop1
  L_end_____DoICP
  _____DoICP
  L_end_____DoIFC
  _____DoIFC
  L_end___CA2AW
  ___CA2AW
  L_end___CCA2AW
  ___CCA2AW
  L_end___CS2S
  ___CS2S
  L_end___CCS2S
  ___CCS2S
  L_end___FZinS
  ___FZinS
  L_end___CC2DW
  ___CC2DW
  L_end_Swap
  _Swap
  L_StartSignal0
  L_StartSignal1
  L_CheckResponse2
  L_CheckResponse3
  L_CheckResponse4
  L_CheckResponse5
  L_CheckResponse6
  L_CheckResponse7
  L_CheckResponse8
  L_CheckResponse9
  L_CheckResponse10
  L_CheckResponse11
  L_CheckResponse12
  L_CheckResponse13
  L_ReadByte14
  L_ReadByte15
  L_ReadByte16
  L_ReadByte17
  L_ReadByte18
  L_ReadByte19
  L_ReadByte20
  L_ReadByte21
  L_interrupt22
  L_main23
  L_main24
  L_main25
  L_main26
  L_main27
  L_main28
  L_main29
  L_main30
  L__CheckResponse31
  L__CheckResponse32
  L_end_StartSignal
  _StartSignal
  L_end_CheckResponse
  _CheckResponse
  L_end_ReadByte
  _ReadByte
  L__ReadByte36
  L__ReadByte37
  L_end_interrupt
  _interrupt
  L__interrupt39
  L_end_main
  _main
  L__main41
