
ROM used: 645 (8%)
          645 (8%) including unused fragments

          1 Average locations per line
          6 Average locations per statement

RAM used: 8 (2%) at main() level
          63 (17%) worst case

Stack used: 4 worst case (out of 8 total available)

Lines Stmts  %   Files
----- ----- ---  -----
   62    42  38  dden5.c
   16     0   0  dden4.h
  326     0   0  16F877A.h
  233    68  62  flex_lcd.c
----- -----
  637   110 Total

Page ROM  %  RAM   Vol Diff  Functions:
---- --- --- ---   --- ----  ----------
0     20   3   1             @delay_ms2
0      8   1   0             @const70
0     44   7   1   328  2.7  lcd_send_nibble
0     37   6   1   362  2.3  lcd_read_nibble
 Inline        3   165  3.3  lcd_read_byte
0     61   9   3   319  4.1  lcd_send_byte
0     48   7   2   384  4.4  lcd_init
 Inline        4   186  5.5  lcd_gotoxy
0     53   8   1   275  3.9  lcd_putc
0    218  34   2  1415  5.7  MAIN
0      6   1   0             @const101
0     72  11   3             @PSTRINGC7_92
0     21   3   3             @DIV88
0     53   8   2             @PRINTF_U_92

Program metrics:
    Functions               8
    Statements              110
    Comments                119
    Volume (V)              5092
    Difficilty (D)          31.6
    Effort to implement (E) 160940
    Time to implement (T)   2 hours, 29 minutes
    Est Delivered Bugs (B)  1
    Cyclomatic Complexity   8
    Maintainability (MI)    80

 Segment     Used  Free
-----------  ----  ----
00000-00003     4  0  
00004-007FF   641  1403  
00800-00FFF     0  2048  
01000-017FF     0  2048  
01800-01FFF     0  2048  



