
ROM used: 591 (7%)
          591 (7%) including unused fragments

          1 Average locations per line
          7 Average locations per statement

RAM used: 7 (2%) at main() level
          23 (6%) worst case

Stack used: 4 worst case (out of 8 total available)

Lines Stmts  %   Files
----- ----- ---  -----
   31    16  19  dden1.c
   16     0   0  dden1.h
  326     0   0  16F877A.h
  233    68  81  flex_lcd.c
----- -----
  606    84 Total

Page ROM  %  RAM   Vol Diff  Functions:
---- --- --- ---   --- ----  ----------
0     20   3   1             @delay_ms2
0      8   1   0             @const70
0     44   7   1   328  2.7  lcd_send_nibble
0     37   6   1   362  2.3  lcd_read_nibble
 Inline        3   165  3.3  lcd_read_byte
0     61  10   3   319  4.1  lcd_send_byte
0     48   8   2   384  4.4  lcd_init
 Inline        4   186  5.5  lcd_gotoxy
0     53   9   1   275  3.9  lcd_putc
0    105  18   1   395  3.7  MAIN
0      6   1   0             @const102
0     81  14   4             @PSTRINGCN7_92
0     21   4   3             @DIV88
0    103  17   6             @PRINTF_D_92

Program metrics:
    Functions               8
    Statements              84
    Comments                113
    Volume (V)              3798
    Difficilty (D)          28.8
    Effort to implement (E) 109370
    Time to implement (T)   1 hours, 41 minutes
    Est Delivered Bugs (B)  1
    Cyclomatic Complexity   8
    Maintainability (MI)    78

 Segment     Used  Free
-----------  ----  ----
00000-00003     4  0  
00004-007FF   587  1457  
00800-00FFF     0  2048  
01000-017FF     0  2048  
01800-01FFF     0  2048  



