
ROM used: 455 (6%)
          455 (6%) including unused fragments

          1 Average locations per line
          6 Average locations per statement

RAM used: 7 (2%) at main() level
          19 (5%) worst case

Stack used: 4 worst case (out of 8 total available)

Lines Stmts  %   Files
----- ----- ---  -----
   29    14  17  den4_lcd_lie.c
   16     0   0  den4_lcd_lie.h
  326     0   0  16F877A.h
  233    68  83  flex_lcd.c
----- -----
  604    82 Total

Page ROM  %  RAM   Vol Diff  Functions:
---- --- --- ---   --- ----  ----------
0     20   4   1             @delay_ms2
0      8   2   0             @const70
0     44  10   1   328  2.7  lcd_send_nibble
0     37   8   1   362  2.3  lcd_read_nibble
 Inline        3   165  3.3  lcd_read_byte
0     61  13   3   319  4.1  lcd_send_byte
0     48  11   2   384  4.4  lcd_init
 Inline        4   186  5.5  lcd_gotoxy
0     53  12   1   275  3.9  lcd_putc
0     95  21   1   318  2.7  MAIN
0     13   3   0             @const101
0     72  16   3             @PSTRINGC7_92

Program metrics:
    Functions               8
    Statements              82
    Comments                113
    Volume (V)              3685
    Difficilty (D)          28.1
    Effort to implement (E) 103417
    Time to implement (T)   1 hours, 36 minutes
    Est Delivered Bugs (B)  1
    Cyclomatic Complexity   8
    Maintainability (MI)    79

 Segment     Used  Free
-----------  ----  ----
00000-00003     4  0  
00004-007FF   451  1593  
00800-00FFF     0  2048  
01000-017FF     0  2048  
01800-01FFF     0  2048  



