
ROM used: 6204 (19%)
          6204 (19%) including unused fragments

          5 Average locations per line
          15 Average locations per statement

RAM used: 38 (2%) at main() level
          90 (6%) worst case

Stack used: 5 worst case (out of 31 total available)

Lines Stmts  %   Files
----- ----- ---  -----
  366   249  61  tam-isi-nem.c
  354     0   0  18F452.h
  238   111  27  SHT11.c
  259    45  11  new_lcd.c
----- -----
 1217   405 Total

Page ROM  %  RAM   Vol Diff  Functions:
---- --- --- ---   --- ----  ----------
0     40   0   1             @delay_ms1
0     42   0   0   300  1.4  comstart
0     84   1   5   595  6.9  comwrite
0    128   1   3  1134  6.1  comread
0     52   0   2   211  4.5  comwait
0     38   0   1   250  3.2  comreset
0     46   0   4   170  3.1  measuretemp
0     46   0   4   170  3.1  measurehumid
 Inline       32   399  5.1  calculate_data
0     54   0   2             @ITOF
0    242   2  11             @MULFF
0    618   5  16             @ADDFF
 Inline       16   228  3.0  sht_rd
0     12   0   0    41  0.4  sht_init
0     20   0   0             @const111
0     62   0   1   326  2.8  lcd_send_nibble
0     60   0   3   235  3.8  lcd_send_byte
0     78   1   2   380  4.7  lcd_init
0     34   0   4   186  5.5  lcd_gotoxy
0     68   1   1   298  2.6  lcd_putc
0    304   2   0  1871  3.4  keypad_oku
0     34   0   0   152  1.8  allkeypadlow
0    356   3   8   435  6.9  pid
0    118   1  10             @FLT
0    116   1   8    98  4.5  absdiff
0   2476  20   8  5918  9.9  MAIN
0      8   0   0             @const155
0     32   0   2             @PSTRINGC_127
0     40   0   3             @DIV88
0    200   2   6             @PRINTF_D_127
0     18   0   0             @const165
0     16   0   0             @const168
0     56   0   4             @SFTOI
0      8   0   0             @const172
0      8   0   0             @const174
0     24   0   0             @const176
0     30   0   3             @PSTRINGCN_127
0     24   0   0             @const180
0     18   0   0             @const182
0     64   1   5             @FTOSD
0    122   1  13             @DIV3232
0    390   3  13             @PRINTF_L32D_127FPFPF
0     14   0   0             @const191

Program metrics:
    Functions               20
    Statements              405
    Comments                248
    Volume (V)              20442
    Difficilty (D)          82.3
    Effort to implement (E) 1682392
    Time to implement (T)   25 hours, 58 minutes
    Est Delivered Bugs (B)  5
    Cyclomatic Complexity   55
    Maintainability (MI)    49

 Segment     Used  Free
-----------  ----  ----
00000-00002     4  0  
00004-07FFE  6200  26564  



