
ROM used: 4950 (15%)
          4950 (15%) including unused fragments

          5 Average locations per line
          14 Average locations per statement

RAM used: 34 (2%) at main() level
          86 (6%) worst case

Stack used: 5 worst case (out of 31 total available)

Lines Stmts  %   Files
----- ----- ---  -----
  247   200  56  tam-isi-nem.c
  354     0   0  18F452.h
  238   111  31  SHT11.c
  259    45  13  new_lcd.c
----- -----
 1098   356 Total

Page ROM  %  RAM   Vol Diff  Functions:
---- --- --- ---   --- ----  ----------
0     40   0   1             @delay_ms1
0     42   0   0   300  1.4  comstart
0     84   1   5   595  6.9  comwrite
0    128   1   3  1134  6.1  comread
0     52   1   2   211  4.5  comwait
0     38   0   1   250  3.2  comreset
0     44   0   4   170  3.1  measuretemp
0     44   0   4   170  3.1  measurehumid
 Inline       32   399  5.1  calculate_data
0     54   1   2             @ITOF
0    242   2  11             @MULFF
0    618   6  16             @ADDFF
 Inline       16   228  3.0  sht_rd
0     12   0   0    41  0.4  sht_init
0     20   0   0             @const111
0     62   1   1   326  2.8  lcd_send_nibble
0     60   1   3   235  3.8  lcd_send_byte
0     78   1   2   380  4.7  lcd_init
0     34   0   4   186  5.5  lcd_gotoxy
0     68   1   1   297  2.7  lcd_putc
0    356   4   0  2320  3.5  keypad_oku
0     34   0   0   152  1.8  allkeypadlow
0   1702  17   8  3014  9.4  MAIN
0      8   0   0             @const146
0     34   0   2             @PSTRINGC_127
0     40   0   3             @DIV88
0    200   2   6             @PRINTF_D_127
0     24   0   0             @const155
0     30   0   3             @PSTRINGCN_127
0     24   0   0             @const159
0     56   1   4             @SFTOI
0     12   0   0             @const163
0     64   1   5             @FTOSD
0    122   1  13             @DIV3232
0    390   4  13             @PRINTF_L32D_127FPFPF
0     12   0   0             @const172
0    118   1  10             @FLT

Program metrics:
    Functions               18
    Statements              356
    Comments                257
    Volume (V)              16386
    Difficilty (D)          70.5
    Effort to implement (E) 1155494
    Time to implement (T)   17 hours, 50 minutes
    Est Delivered Bugs (B)  4
    Cyclomatic Complexity   41
    Maintainability (MI)    66

 Segment     Used  Free
-----------  ----  ----
00000-00002     4  0  
00004-07FFE  4946  27818  



