
ROM used: 1640 (5%)
          1640 (5%) including unused fragments

          1 Average locations per line
          5 Average locations per statement

RAM used: 27 (2%) at main() level
          37 (2%) worst case

Stack used: 5 worst case (out of 31 total available)

Lines Stmts  %   Files
----- ----- ---  -----
  245   179  53  tam-isi-nem.c
  354     0   0  18F452.h
  238   111  33  SHT11.c
  259    45  13  new_lcd.c
----- -----
 1096   335 Total

Page ROM  %  RAM   Vol Diff  Functions:
---- --- --- ---   --- ----  ----------
0     40   1   1   300  1.4  @delay_ms1
0     44   1   0   300  1.4  comstart
0     38   1   1   250  3.2  comreset
0     12   0   0    41  0.4  sht_init
0     20   1   0   235  3.8  @const111
0     62   2   1   326  2.8  lcd_send_nibble
0     60   2   3   235  3.8  lcd_send_byte
0     78   2   2   380  4.7  lcd_init
0     36   1   4   186  5.5  lcd_gotoxy
0     68   2   1   297  2.7  lcd_putc
0    306   9   0  1871  3.4  keypad_oku
0     34   1   0   152  1.8  allkeypadlow
0    680  21   1  3160  4.4  MAIN
0      8   0   0    80  3.0  @const143
0     32   1   2             @PSTRINGC_127
0      6   0   0             @const145
0     10   0   0  1082  6.9  @const146
0     10   0   0  1100  9.0  @const147
0     10   0   0             @const148
0     10   0   0    76  3.1  @const149
0     10   0   0    74  2.7  @const150
0     10   0   0    57  1.9  @const151
0     10   0   0   858  7.4  @const152
0     10   0   0    79  2.5  @const153
0     10   0   0   300  1.4  @const154
0     10   0   0   595  6.9  @const155
0     12   0   0   595  6.9  @const157

Program metrics:
    Functions               24
    Statements              335
    Comments                235
    Volume (V)              20823
    Difficilty (D)          92.2
    Effort to implement (E) 1919742
    Time to implement (T)   29 hours, 38 minutes
    Est Delivered Bugs (B)  5
    Cyclomatic Complexity   57
    Maintainability (MI)    43

 Segment     Used  Free
-----------  ----  ----
00000-00002     4  0  
00004-07FFE  1636  31128  



