
ROM used: 3420 (10%)
          3420 (10%) including unused fragments

          4 Average locations per line
          19 Average locations per statement

RAM used: 20 (1%) at main() level
          80 (5%) worst case

Stack used: 5 worst case (out of 31 total available)

Lines Stmts  %   Files
----- ----- ---  -----
   74    23  13  isi_nem.c
  354     0   0  ..\..\..\..\Program Files (x86)\PICC\devices\18F452.h
  238   111  62  SHT11.c
  259    45  25  new_lcd.c
----- -----
  925   179 Total

Page ROM  %  RAM   Vol Diff  Functions:
---- --- --- ---   --- ----  ----------
0     40   1   1             @delay_ms1
0     42   1   0   300  1.4  comstart
0     84   1   5   595  6.9  comwrite
0    128   2   3  1134  6.1  comread
0     52   1   2   211  4.5  comwait
0     38   1   1   250  3.2  comreset
0     44   1   4   170  3.1  measuretemp
0     44   1   4   170  3.1  measurehumid
 Inline       32   399  5.1  calculate_data
0     54   1   2             @ITOF
0    242   4  11             @MULFF
0    618   9  16             @ADDFF
 Inline       16   228  3.0  sht_rd
0     12   0   0    41  0.4  sht_init
0     20   0   0             @const111
0     62   1   1   326  2.8  lcd_send_nibble
0     60   1   3   235  3.8  lcd_send_byte
0     80   1   2   380  4.7  lcd_init
0     34   0   4   186  5.5  lcd_gotoxy
0     68   1   1   277  3.8  lcd_putc
0    998  15   0   664  2.9  MAIN
0     56   1   4             @SFTOI
0     16   0   0             @const137
0     30   0   3             @PSTRINGCN_127
0     64   1   5             @FTOSD
0    142   2  13             @DIV3232
0    376   5  13             @PRINTF_L32D_127FPFPF
0     12   0   0             @const148

Program metrics:
    Functions               16
    Statements              179
    Comments                226
    Volume (V)              9460
    Difficilty (D)          59.2
    Effort to implement (E) 559679
    Time to implement (T)   8 hours, 38 minutes
    Est Delivered Bugs (B)  2
    Cyclomatic Complexity   19
    Maintainability (MI)    76

 Segment     Used  Free
-----------  ----  ----
00000-00002     4  0  
00004-07FFE  3416  29348  



